android/app/build/outputs/mapping/release/seeds.txt
com.lco.MainActivity
com.lco.MainActivity: MainActivity()
com.lco.MainApplication
com.lco.MainApplication: MainApplication()
com.lco.R$anim: int abc_fade_in
com.lco.R$anim: int abc_fade_out
com.lco.R$anim: int abc_grow_fade_in_from_bottom
com.lco.R$anim: int abc_popup_enter
com.lco.R$anim: int abc_popup_exit
com.lco.R$anim: int abc_shrink_fade_out_from_bottom
com.lco.R$anim: int abc_slide_in_bottom
com.lco.R$anim: int abc_slide_in_top
com.lco.R$anim: int abc_slide_out_bottom
com.lco.R$anim: int abc_slide_out_top
com.lco.R$anim: int catalyst_fade_in
com.lco.R$anim: int catalyst_fade_out
com.lco.R$anim: int catalyst_push_up_in
com.lco.R$anim: int catalyst_push_up_out
com.lco.R$anim: int catalyst_slide_down
com.lco.R$anim: int catalyst_slide_up
com.lco.R$attr: int actionBarDivider
com.lco.R$attr: int actionBarItemBackground
com.lco.R$attr: int actionBarPopupTheme
com.lco.R$attr: int actionBarSize
com.lco.R$attr: int actionBarSplitStyle
com.lco.R$attr: int actionBarStyle
com.lco.R$attr: int actionBarTabBarStyle
com.lco.R$attr: int actionBarTabStyle
com.lco.R$attr: int actionBarTabTextStyle
com.lco.R$attr: int actionBarTheme
com.lco.R$attr: int actionBarWidgetTheme
com.lco.R$attr: int actionButtonStyle
com.lco.R$attr: int actionDropDownStyle
com.lco.R$attr: int actionLayout
com.lco.R$attr: int actionMenuTextAppearance
com.lco.R$attr: int actionMenuTextColor
com.lco.R$attr: int actionModeBackground
com.lco.R$attr: int actionModeCloseButtonStyle
com.lco.R$attr: int actionModeCloseDrawable
com.lco.R$attr: int actionModeCopyDrawable
com.lco.R$attr: int actionModeCutDrawable
com.lco.R$attr: int actionModeFindDrawable
com.lco.R$attr: int actionModePasteDrawable
com.lco.R$attr: int actionModePopupWindowStyle
com.lco.R$attr: int actionModeSelectAllDrawable
com.lco.R$attr: int actionModeShareDrawable
com.lco.R$attr: int actionModeSplitBackground
com.lco.R$attr: int actionModeStyle
com.lco.R$attr: int actionModeWebSearchDrawable
com.lco.R$attr: int actionOverflowButtonStyle
com.lco.R$attr: int actionOverflowMenuStyle
com.lco.R$attr: int actionProviderClass
com.lco.R$attr: int actionViewClass
com.lco.R$attr: int activityChooserViewStyle
com.lco.R$attr: int actualImageResource
com.lco.R$attr: int actualImageScaleType
com.lco.R$bool: int abc_action_bar_embed_tabs
com.lco.R$bool: int abc_action_bar_embed_tabs_pre_jb
com.lco.R$bool: int abc_action_bar_expanded_action_views_exclusive
com.lco.R$bool: int abc_allow_stacked_button_bar
com.lco.R$bool: int abc_config_actionMenuItemAllCaps
com.lco.R$bool: int abc_config_allowActionMenuItemTextWithIcon
com.lco.R$bool: int abc_config_closeDialogWhenTouchOutside
com.lco.R$bool: int abc_config_showMenuShortcutsWhenKeyboardPresent
...
okhttp3.Dns
okhttp3.Dns: okhttp3.Dns SYSTEM
okhttp3.Dns: java.util.List lookup(java.lang.String)
okhttp3.Dns: void <clinit>()
okhttp3.Dns$1
okhttp3.Dns$1: Dns$1()
okhttp3.Dns$1: java.util.List lookup(java.lang.String)
okhttp3.FormBody
okhttp3.FormBody: okhttp3.MediaType CONTENT_TYPE
okhttp3.FormBody: java.util.List encodedNames
okhttp3.FormBody: java.util.List encodedValues
okhttp3.FormBody: FormBody(java.util.List,java.util.List)
okhttp3.FormBody: int size()
okhttp3.FormBody: java.lang.String encodedName(int)
okhttp3.FormBody: java.lang.String name(int)
okhttp3.FormBody: java.lang.String encodedValue(int)
okhttp3.FormBody: java.lang.String value(int)
okhttp3.FormBody: okhttp3.MediaType contentType()
okhttp3.FormBody: long contentLength()
okhttp3.FormBody: void writeTo(okio.BufferedSink)
okhttp3.FormBody: long writeOrCountBytes(okio.BufferedSink,boolean)
okhttp3.FormBody: void <clinit>()
okhttp3.FormBody$Builder
okhttp3.FormBody$Builder: java.util.List names
okhttp3.FormBody$Builder: java.util.List values
okhttp3.FormBody$Builder: FormBody$Builder()
okhttp3.FormBody$Builder: okhttp3.FormBody$Builder add(java.lang.String,java.lang.String)
okhttp3.FormBody$Builder: okhttp3.FormBody$Builder addEncoded(java.lang.String,java.lang.String)
okhttp3.FormBody$Builder: okhttp3.FormBody build()
okhttp3.Handshake
okhttp3.Handshake: okhttp3.TlsVersion tlsVersion
okhttp3.Handshake: okhttp3.CipherSuite cipherSuite
okhttp3.Handshake: java.util.List peerCertificates
okhttp3.Handshake: java.util.List localCertificates
okhttp3.Handshake: Handshake(okhttp3.TlsVersion,okhttp3.CipherSuite,java.util.List,java.util.List)
okhttp3.Handshake: okhttp3.Handshake get(javax.net.ssl.SSLSession)
okhttp3.Handshake: okhttp3.Handshake get(okhttp3.TlsVersion,okhttp3.CipherSuite,java.util.List,java.util.List)
okhttp3.Handshake: okhttp3.TlsVersion tlsVersion()
okhttp3.Handshake: okhttp3.CipherSuite cipherSuite()
okhttp3.Handshake: java.util.List peerCertificates()
okhttp3.Handshake: java.security.Principal peerPrincipal()
okhttp3.Handshake: java.util.List localCertificates()
okhttp3.Handshake: java.security.Principal localPrincipal()
okhttp3.Handshake: boolean equals(java.lang.Object)
okhttp3.Handshake: int hashCode()
okhttp3.Headers
okhttp3.Headers: java.lang.String[] namesAndValues
okhttp3.Headers: Headers(okhttp3.Headers$Builder)
okhttp3.Headers: Headers(java.lang.String[])
okhttp3.Headers: java.lang.String get(java.lang.String)
okhttp3.Headers: java.util.Date getDate(java.lang.String)
okhttp3.Headers: int size()
okhttp3.Headers: java.lang.String name(int)
okhttp3.Headers: java.lang.String value(int)
okhttp3.Headers: java.util.Set names()
okhttp3.Headers: java.util.List values(java.lang.String)
okhttp3.Headers: okhttp3.Headers$Builder newBuilder()
okhttp3.Headers: boolean equals(java.lang.Object)
okhttp3.Headers: int hashCode()
okhttp3.Headers: java.lang.String toString()
okhttp3.Headers: java.util.Map toMultimap()
okhttp3.Headers: java.lang.String get(java.lang.String[],java.lang.String)
okhttp3.Headers: okhttp3.Headers of(java.lang.String[])
okhttp3.Headers: okhttp3.Headers of(java.util.Map)
okhttp3.Headers$Builder
okhttp3.Headers$Builder: java.util.List namesAndValues
okhttp3.Headers$Builder: Headers$Builder()
okhttp3.Headers$Builder: okhttp3.Headers$Builder addLenient(java.lang.String)
okhttp3.Headers$Builder: okhttp3.Headers$Builder add(java.lang.String)
okhttp3.Headers$Builder: okhttp3.Headers$Builder add(java.lang.String,java.lang.String)
okhttp3.Headers$Builder: okhttp3.Headers$Builder addLenient(java.lang.String,java.lang.String)
okhttp3.Headers$Builder: okhttp3.Headers$Builder removeAll(java.lang.String)
okhttp3.Headers$Builder: okhttp3.Headers$Builder set(java.lang.String,java.lang.String)
okhttp3.Headers$Builder: void checkNameAndValue(java.lang.String,java.lang.String)
okhttp3.Headers$Builder: java.lang.String get(java.lang.String)
okhttp3.Headers$Builder: okhttp3.Headers build()