android/app/build/outputs/mapping/release/usage.txt
com.lco.BuildConfig
com.lco.R
com.lco.R$anim
com.lco.R$attr
com.lco.R$bool
com.lco.R$color
com.lco.R$dimen
com.lco.R$drawable
com.lco.R$id
com.lco.R$integer
com.lco.R$layout
com.lco.R$mipmap
com.lco.R$string
com.lco.R$style
com.lco.R$styleable
com.lco.R$xml
...
javax.inject.Singleton
okio.Base64:
    26:27:private Base64()
    129:129:public static java.lang.String encodeUrl(byte[])
okio.Buffer:
    static final int REPLACEMENT_CHARACTER
    139:139:public okio.Buffer copyTo(java.io.OutputStream)
    147:166:public okio.Buffer copyTo(java.io.OutputStream,long,long)
    202:202:public okio.Buffer writeTo(java.io.OutputStream)
    207:226:public okio.Buffer writeTo(java.io.OutputStream,long)
    231:232:public okio.Buffer readFrom(java.io.InputStream)
    237:239:public okio.Buffer readFrom(java.io.InputStream,long)
    243:256:private void readFrom(java.io.InputStream,long,boolean)
    411:411:public long readLongLe()
    537:552:public int select(okio.Options)
    561:570:int selectPrefix(okio.Options)
    582:586:public long readAll(okio.Sink)
    636:642:public java.lang.String readUtf8Line()
    680:751:public int readUtf8CodePoint()
    774:774:public int read(byte[])
    1012:1017:public okio.BufferedSink write(okio.Source,long)
    1039:1039:public okio.Buffer writeShortLe(int)
    1056:1056:public okio.Buffer writeIntLe(int)
    1077:1077:public okio.Buffer writeLongLe(long)
    1283:1283:public long indexOf(byte,long)
    1343:1343:public long indexOf(okio.ByteString)
    1347:1398:public long indexOf(okio.ByteString,long)
    1402:1402:public long indexOfElement(okio.ByteString)
    1406:1475:public long indexOfElement(okio.ByteString,long)
    1505:1524:private boolean rangeEquals(okio.Segment,int,okio.ByteString,int,int)
    1539:1545:java.util.List segmentSizes()
    1550:1550:public okio.ByteString md5()
okio.BufferedSink:
    public abstract okio.BufferedSink write(okio.Source,long)
    public abstract okio.BufferedSink writeUtf8(java.lang.String,int,int)
    public abstract okio.BufferedSink writeUtf8CodePoint(int)
    public abstract okio.BufferedSink writeString(java.lang.String,java.nio.charset.Charset)
    public abstract okio.BufferedSink writeString(java.lang.String,int,int,java.nio.charset.Charset)
    public abstract okio.BufferedSink writeShortLe(int)
    public abstract okio.BufferedSink writeIntLe(int)
    public abstract okio.BufferedSink writeLongLe(long)
okio.BufferedSource:
    public abstract long readLongLe()
    public abstract okio.ByteString readByteString()
    public abstract int select(okio.Options)
    public abstract int read(byte[])
    public abstract long readAll(okio.Sink)
    public abstract java.lang.String readUtf8()
    public abstract java.lang.String readUtf8(long)
    public abstract java.lang.String readUtf8Line()
    public abstract java.lang.String readUtf8LineStrict(long)
    public abstract int readUtf8CodePoint()
    public abstract java.lang.String readString(long,java.nio.charset.Charset)
    public abstract long indexOf(byte,long)
    public abstract long indexOf(byte,long,long)
    public abstract long indexOf(okio.ByteString)
    public abstract long indexOf(okio.ByteString,long)
    public abstract long indexOfElement(okio.ByteString)
    public abstract long indexOfElement(okio.ByteString,long)
    public abstract boolean rangeEquals(long,okio.ByteString,int,int)